<?xml version="1.0" encoding="UTF-8"?>
<!-- Generated by org.testng.reporters.JUnitReportReporter -->
<testsuite skipped="0" hostname="Blackbeauty" name="LocationsTest" tests="1" failures="0" timestamp="06 Sep 2018 13:19:14 GMT" time="18.024" errors="0">
  <testcase name="getLocationDetails" time="18.024" classname="LocationsTest"/>
</testsuite> <!-- LocationsTest -->
