<?xml version="1.0" encoding="UTF-8"?>
<!-- Generated by org.testng.reporters.JUnitReportReporter -->
<testsuite skipped="0" hostname="Blackbeauty" name="com.api.tests.LocationDetails" tests="1" failures="0" timestamp="06 Sep 2018 14:08:37 GMT" time="2.457" errors="0">
  <testcase name="getLocations" time="2.457" classname="com.api.tests.LocationDetails"/>
</testsuite> <!-- com.api.tests.LocationDetails -->
